This file contains any messages produced by compilers while
running configure, to aid debugging if configure makes a mistake.

It was created by flite+hts_engine configure 1.07, which was
generated by GNU Autoconf 2.69.  Invocation command line was

  $ configure 

## --------- ##
## Platform. ##
## --------- ##

hostname = Kaito-no-MacBook-Pro-3.local
uname -m = x86_64
uname -r = 16.7.0
uname -s = Darwin
uname -v = Darwin Kernel Version 16.7.0: Mon Nov 13 21:56:25 PST 2017; root:xnu-3789.72.11~1/RELEASE_X86_64

/usr/bin/uname -p = i386
/bin/uname -X     = unknown

/bin/arch              = unknown
/usr/bin/arch -k       = unknown
/usr/convex/getsysinfo = unknown
/usr/bin/hostinfo      = Mach kernel version:
	 Darwin Kernel Version 16.7.0: Mon Nov 13 21:56:25 PST 2017; root:xnu-3789.72.11~1/RELEASE_X86_64
Kernel configured for up to 4 processors.
2 processors are physically available.
4 processors are logically available.
Processor type: x86_64h (Intel x86-64h Haswell)
Processors active: 0 1 2 3
Primary memory available: 8.00 gigabytes
Default processor set: 357 tasks, 1922 threads, 4 processors
Load average: 1.75, Mach factor: 2.29
/bin/machine           = unknown
/usr/bin/oslevel       = unknown
/bin/universe          = unknown

PATH: /Users/frael/.rakudobrew/bin
PATH: /usr/local/sbin
PATH: /Users/frael/.rbenv/shims
PATH: /Users/frael/.pyenv/shims
PATH: /Users/frael/.pyenv/bin
PATH: /usr/local/bin
PATH: /usr/bin
PATH: /bin
PATH: /usr/sbin
PATH: /sbin
PATH: /opt/X11/bin
PATH: /Library/Frameworks/Mono.framework/Versions/Current/Commands
PATH: /Library/TeX/texbin


## ----------- ##
## Core tests. ##
## ----------- ##

configure:2489: checking for a BSD-compatible install
configure:2557: result: /usr/bin/install -c
configure:2568: checking whether build environment is sane
configure:2623: result: yes
configure:2774: checking for a thread-safe mkdir -p
configure:2813: result: config/install-sh -c -d
configure:2820: checking for gawk
configure:2850: result: no
configure:2820: checking for mawk
configure:2850: result: no
configure:2820: checking for nawk
configure:2850: result: no
configure:2820: checking for awk
configure:2836: found /usr/bin/awk
configure:2847: result: awk
configure:2858: checking whether make sets $(MAKE)
configure:2880: result: yes
configure:2909: checking whether make supports nested variables
configure:2926: result: yes
configure:3102: checking for gcc
configure:3118: found /usr/local/bin/gcc
configure:3129: result: gcc
configure:3358: checking for C compiler version
configure:3367: gcc --version >&5
gcc (Homebrew GCC 5.5.0_2) 5.5.0
Copyright (C) 2015 Free Software Foundation, Inc.
This is free software; see the source for copying conditions.  There is NO
warranty; not even for MERCHANTABILITY or FITNESS FOR A PARTICULAR PURPOSE.

configure:3378: $? = 0
configure:3367: gcc -v >&5
Using built-in specs.
COLLECT_GCC=gcc
COLLECT_LTO_WRAPPER=/usr/local/Cellar/gcc@5/5.5.0_2/libexec/gcc/x86_64-apple-darwin16.7.0/5.5.0/lto-wrapper
Target: x86_64-apple-darwin16.7.0
Configured with: ../configure --build=x86_64-apple-darwin16.7.0 --prefix=/usr/local/Cellar/gcc@5/5.5.0_2 --libdir=/usr/local/Cellar/gcc@5/5.5.0_2/lib/gcc/5 --enable-languages=c,c++,objc,obj-c++,fortran --program-suffix=-5 --with-gmp=/usr/local/opt/gmp --with-mpfr=/usr/local/opt/mpfr --with-mpc=/usr/local/opt/libmpc --with-system-zlib --enable-libstdcxx-time=yes --enable-stage1-checking --enable-checking=release --enable-lto --enable-plugin --disable-werror --with-pkgversion='Homebrew GCC 5.5.0_2' --with-bugurl=https://github.com/Homebrew/homebrew-core/issues --disable-nls --enable-multilib
Thread model: posix
gcc version 5.5.0 (Homebrew GCC 5.5.0_2) 
configure:3378: $? = 0
configure:3367: gcc -V >&5
gcc: error: unrecognized command line option '-V'
gcc: fatal error: no input files
compilation terminated.
configure:3378: $? = 1
configure:3367: gcc -qversion >&5
gcc: error: unrecognized command line option '-qversion'
gcc: fatal error: no input files
compilation terminated.
configure:3378: $? = 1
configure:3398: checking whether the C compiler works
configure:3420: gcc    conftest.c  >&5
configure:3424: $? = 0
configure:3472: result: yes
configure:3475: checking for C compiler default output file name
configure:3477: result: a.out
configure:3483: checking for suffix of executables
configure:3490: gcc -o conftest    conftest.c  >&5
configure:3494: $? = 0
configure:3516: result: 
configure:3538: checking whether we are cross compiling
configure:3546: gcc -o conftest    conftest.c  >&5
configure:3550: $? = 0
configure:3557: ./conftest
configure:3561: $? = 0
configure:3576: result: no
configure:3581: checking for suffix of object files
configure:3603: gcc -c   conftest.c >&5
configure:3607: $? = 0
configure:3628: result: o
configure:3632: checking whether we are using the GNU C compiler
configure:3651: gcc -c   conftest.c >&5
configure:3651: $? = 0
configure:3660: result: yes
configure:3669: checking whether gcc accepts -g
configure:3689: gcc -c -g  conftest.c >&5
configure:3689: $? = 0
configure:3730: result: yes
configure:3747: checking for gcc option to accept ISO C89
configure:3810: gcc  -c -g -O2  conftest.c >&5
configure:3810: $? = 0
configure:3823: result: none needed
configure:3848: checking whether gcc understands -c and -o together
configure:3870: gcc -c conftest.c -o conftest2.o
configure:3873: $? = 0
configure:3870: gcc -c conftest.c -o conftest2.o
configure:3873: $? = 0
configure:3885: result: yes
configure:3913: checking for style of include used by make
configure:3941: result: GNU
configure:3967: checking dependency style of gcc
configure:4078: result: gcc3
configure:4138: checking for ranlib
configure:4154: found /usr/bin/ranlib
configure:4165: result: ranlib
configure:4233: checking for ar
configure:4249: found /usr/bin/ar
configure:4260: result: ar
configure:4286: checking for log in -lm
configure:4311: gcc -o conftest -g -O2   conftest.c -lm   >&5
conftest.c:18:6: warning: conflicting types for built-in function 'log'
 char log ();
      ^
configure:4311: $? = 0
configure:4320: result: yes
configure:4339: checking how to run the C preprocessor
configure:4370: gcc -E  conftest.c
configure:4370: $? = 0
configure:4384: gcc -E  conftest.c
conftest.c:12:28: fatal error: ac_nonexistent.h: No such file or directory
compilation terminated.
configure:4384: $? = 1
configure: failed program was:
| /* confdefs.h */
| #define PACKAGE_NAME "flite+hts_engine"
| #define PACKAGE_TARNAME "flite+hts_engine"
| #define PACKAGE_VERSION "1.07"
| #define PACKAGE_STRING "flite+hts_engine 1.07"
| #define PACKAGE_BUGREPORT "hts-engine-users@lists.sourceforge.net"
| #define PACKAGE_URL ""
| #define PACKAGE "flite+hts_engine"
| #define VERSION "1.07"
| #define HAVE_LIBM 1
| /* end confdefs.h.  */
| #include <ac_nonexistent.h>
configure:4409: result: gcc -E
configure:4429: gcc -E  conftest.c
configure:4429: $? = 0
configure:4443: gcc -E  conftest.c
conftest.c:12:28: fatal error: ac_nonexistent.h: No such file or directory
compilation terminated.
configure:4443: $? = 1
configure: failed program was:
| /* confdefs.h */
| #define PACKAGE_NAME "flite+hts_engine"
| #define PACKAGE_TARNAME "flite+hts_engine"
| #define PACKAGE_VERSION "1.07"
| #define PACKAGE_STRING "flite+hts_engine 1.07"
| #define PACKAGE_BUGREPORT "hts-engine-users@lists.sourceforge.net"
| #define PACKAGE_URL ""
| #define PACKAGE "flite+hts_engine"
| #define VERSION "1.07"
| #define HAVE_LIBM 1
| /* end confdefs.h.  */
| #include <ac_nonexistent.h>
configure:4472: checking for grep that handles long lines and -e
configure:4530: result: /usr/bin/grep
configure:4535: checking for egrep
configure:4597: result: /usr/bin/grep -E
configure:4602: checking for ANSI C header files
configure:4622: gcc -c -g -O2  conftest.c >&5
configure:4622: $? = 0
configure:4695: gcc -o conftest -g -O2   conftest.c -lm  >&5
configure:4695: $? = 0
configure:4695: ./conftest
configure:4695: $? = 0
configure:4706: result: yes
configure:4719: checking for sys/types.h
configure:4719: gcc -c -g -O2  conftest.c >&5
configure:4719: $? = 0
configure:4719: result: yes
configure:4719: checking for sys/stat.h
configure:4719: gcc -c -g -O2  conftest.c >&5
configure:4719: $? = 0
configure:4719: result: yes
configure:4719: checking for stdlib.h
configure:4719: gcc -c -g -O2  conftest.c >&5
configure:4719: $? = 0
configure:4719: result: yes
configure:4719: checking for string.h
configure:4719: gcc -c -g -O2  conftest.c >&5
configure:4719: $? = 0
configure:4719: result: yes
configure:4719: checking for memory.h
configure:4719: gcc -c -g -O2  conftest.c >&5
configure:4719: $? = 0
configure:4719: result: yes
configure:4719: checking for strings.h
configure:4719: gcc -c -g -O2  conftest.c >&5
configure:4719: $? = 0
configure:4719: result: yes
configure:4719: checking for inttypes.h
configure:4719: gcc -c -g -O2  conftest.c >&5
configure:4719: $? = 0
configure:4719: result: yes
configure:4719: checking for stdint.h
configure:4719: gcc -c -g -O2  conftest.c >&5
configure:4719: $? = 0
configure:4719: result: yes
configure:4719: checking for unistd.h
configure:4719: gcc -c -g -O2  conftest.c >&5
configure:4719: $? = 0
configure:4719: result: yes
configure:4734: checking for stdlib.h
configure:4734: result: yes
configure:4734: checking for string.h
configure:4734: result: yes
configure:4746: checking for an ANSI C-conforming const
configure:4812: gcc -c -g -O2  conftest.c >&5
configure:4812: $? = 0
configure:4819: result: yes
configure:4827: checking for size_t
configure:4827: gcc -c -g -O2  conftest.c >&5
configure:4827: $? = 0
configure:4827: gcc -c -g -O2  conftest.c >&5
conftest.c: In function 'main':
conftest.c:60:21: error: expected expression before ')' token
 if (sizeof ((size_t)))
                     ^
configure:4827: $? = 1
configure: failed program was:
| /* confdefs.h */
| #define PACKAGE_NAME "flite+hts_engine"
| #define PACKAGE_TARNAME "flite+hts_engine"
| #define PACKAGE_VERSION "1.07"
| #define PACKAGE_STRING "flite+hts_engine 1.07"
| #define PACKAGE_BUGREPORT "hts-engine-users@lists.sourceforge.net"
| #define PACKAGE_URL ""
| #define PACKAGE "flite+hts_engine"
| #define VERSION "1.07"
| #define HAVE_LIBM 1
| #define STDC_HEADERS 1
| #define HAVE_SYS_TYPES_H 1
| #define HAVE_SYS_STAT_H 1
| #define HAVE_STDLIB_H 1
| #define HAVE_STRING_H 1
| #define HAVE_MEMORY_H 1
| #define HAVE_STRINGS_H 1
| #define HAVE_INTTYPES_H 1
| #define HAVE_STDINT_H 1
| #define HAVE_UNISTD_H 1
| #define HAVE_STDLIB_H 1
| #define HAVE_STRING_H 1
| /* end confdefs.h.  */
| #include <stdio.h>
| #ifdef HAVE_SYS_TYPES_H
| # include <sys/types.h>
| #endif
| #ifdef HAVE_SYS_STAT_H
| # include <sys/stat.h>
| #endif
| #ifdef STDC_HEADERS
| # include <stdlib.h>
| # include <stddef.h>
| #else
| # ifdef HAVE_STDLIB_H
| #  include <stdlib.h>
| # endif
| #endif
| #ifdef HAVE_STRING_H
| # if !defined STDC_HEADERS && defined HAVE_MEMORY_H
| #  include <memory.h>
| # endif
| # include <string.h>
| #endif
| #ifdef HAVE_STRINGS_H
| # include <strings.h>
| #endif
| #ifdef HAVE_INTTYPES_H
| # include <inttypes.h>
| #endif
| #ifdef HAVE_STDINT_H
| # include <stdint.h>
| #endif
| #ifdef HAVE_UNISTD_H
| # include <unistd.h>
| #endif
| int
| main ()
| {
| if (sizeof ((size_t)))
| 	    return 0;
|   ;
|   return 0;
| }
configure:4827: result: yes
configure:4842: checking for vprintf
configure:4842: gcc -o conftest -g -O2   conftest.c -lm  >&5
conftest.c:47:6: warning: conflicting types for built-in function 'vprintf'
 char vprintf ();
      ^
configure:4842: $? = 0
configure:4842: result: yes
configure:4848: checking for _doprnt
configure:4848: gcc -o conftest -g -O2   conftest.c -lm  >&5
Undefined symbols for architecture x86_64:
  "__doprnt", referenced from:
      _main in ccWuOkOk.o
ld: symbol(s) not found for architecture x86_64
collect2: error: ld returned 1 exit status
configure:4848: $? = 1
configure: failed program was:
| /* confdefs.h */
| #define PACKAGE_NAME "flite+hts_engine"
| #define PACKAGE_TARNAME "flite+hts_engine"
| #define PACKAGE_VERSION "1.07"
| #define PACKAGE_STRING "flite+hts_engine 1.07"
| #define PACKAGE_BUGREPORT "hts-engine-users@lists.sourceforge.net"
| #define PACKAGE_URL ""
| #define PACKAGE "flite+hts_engine"
| #define VERSION "1.07"
| #define HAVE_LIBM 1
| #define STDC_HEADERS 1
| #define HAVE_SYS_TYPES_H 1
| #define HAVE_SYS_STAT_H 1
| #define HAVE_STDLIB_H 1
| #define HAVE_STRING_H 1
| #define HAVE_MEMORY_H 1
| #define HAVE_STRINGS_H 1
| #define HAVE_INTTYPES_H 1
| #define HAVE_STDINT_H 1
| #define HAVE_UNISTD_H 1
| #define HAVE_STDLIB_H 1
| #define HAVE_STRING_H 1
| #define HAVE_VPRINTF 1
| /* end confdefs.h.  */
| /* Define _doprnt to an innocuous variant, in case <limits.h> declares _doprnt.
|    For example, HP-UX 11i <limits.h> declares gettimeofday.  */
| #define _doprnt innocuous__doprnt
| 
| /* System header to define __stub macros and hopefully few prototypes,
|     which can conflict with char _doprnt (); below.
|     Prefer <limits.h> to <assert.h> if __STDC__ is defined, since
|     <limits.h> exists even on freestanding compilers.  */
| 
| #ifdef __STDC__
| # include <limits.h>
| #else
| # include <assert.h>
| #endif
| 
| #undef _doprnt
| 
| /* Override any GCC internal prototype to avoid an error.
|    Use char because int might match the return type of a GCC
|    builtin and then its argument prototype would still apply.  */
| #ifdef __cplusplus
| extern "C"
| #endif
| char _doprnt ();
| /* The GNU C library defines this for functions which it implements
|     to always fail with ENOSYS.  Some functions are actually named
|     something starting with __ and the normal name is an alias.  */
| #if defined __stub__doprnt || defined __stub____doprnt
| choke me
| #endif
| 
| int
| main ()
| {
| return _doprnt ();
|   ;
|   return 0;
| }
configure:4848: result: no
configure:4862: checking for sqrt
configure:4862: gcc -o conftest -g -O2   conftest.c -lm  >&5
conftest.c:48:6: warning: conflicting types for built-in function 'sqrt'
 char sqrt ();
      ^
configure:4862: $? = 0
configure:4862: result: yes
configure:4862: checking for strchr
configure:4862: gcc -o conftest -g -O2   conftest.c -lm  >&5
conftest.c:49:6: warning: conflicting types for built-in function 'strchr'
 char strchr ();
      ^
configure:4862: $? = 0
configure:4862: result: yes
configure:4862: checking for strrchr
configure:4862: gcc -o conftest -g -O2   conftest.c -lm  >&5
conftest.c:50:6: warning: conflicting types for built-in function 'strrchr'
 char strrchr ();
      ^
configure:4862: $? = 0
configure:4862: result: yes
configure:4862: checking for strstr
configure:4862: gcc -o conftest -g -O2   conftest.c -lm  >&5
conftest.c:51:6: warning: conflicting types for built-in function 'strstr'
 char strstr ();
      ^
configure:4862: $? = 0
configure:4862: result: yes
configure:4877: checking build system type
configure:4891: result: x86_64-apple-darwin16.7.0
configure:4911: checking host system type
configure:4924: result: x86_64-apple-darwin16.7.0
configure:4944: checking whether byte ordering is bigendian
configure:4959: gcc -c -g -O2  conftest.c >&5
configure:4959: $? = 0
configure:5004: gcc -c -g -O2  conftest.c >&5
configure:5004: $? = 0
configure:5022: gcc -c -g -O2  conftest.c >&5
conftest.c: In function 'main':
conftest.c:36:4: error: unknown type name 'not'
    not big endian
    ^
conftest.c:36:12: error: expected '=', ',', ';', 'asm' or '__attribute__' before 'endian'
    not big endian
            ^
configure:5022: $? = 1
configure: failed program was:
| /* confdefs.h */
| #define PACKAGE_NAME "flite+hts_engine"
| #define PACKAGE_TARNAME "flite+hts_engine"
| #define PACKAGE_VERSION "1.07"
| #define PACKAGE_STRING "flite+hts_engine 1.07"
| #define PACKAGE_BUGREPORT "hts-engine-users@lists.sourceforge.net"
| #define PACKAGE_URL ""
| #define PACKAGE "flite+hts_engine"
| #define VERSION "1.07"
| #define HAVE_LIBM 1
| #define STDC_HEADERS 1
| #define HAVE_SYS_TYPES_H 1
| #define HAVE_SYS_STAT_H 1
| #define HAVE_STDLIB_H 1
| #define HAVE_STRING_H 1
| #define HAVE_MEMORY_H 1
| #define HAVE_STRINGS_H 1
| #define HAVE_INTTYPES_H 1
| #define HAVE_STDINT_H 1
| #define HAVE_UNISTD_H 1
| #define HAVE_STDLIB_H 1
| #define HAVE_STRING_H 1
| #define HAVE_VPRINTF 1
| #define HAVE_SQRT 1
| #define HAVE_STRCHR 1
| #define HAVE_STRRCHR 1
| #define HAVE_STRSTR 1
| /* end confdefs.h.  */
| #include <sys/types.h>
| 		#include <sys/param.h>
| 
| int
| main ()
| {
| #if BYTE_ORDER != BIG_ENDIAN
| 		 not big endian
| 		#endif
| 
|   ;
|   return 0;
| }
configure:5150: result: no
configure:5172: checking size of void *
configure:5177: gcc -o conftest -g -O2   conftest.c -lm  >&5
configure:5177: $? = 0
configure:5177: ./conftest
configure:5177: $? = 0
configure:5191: result: 8
configure:5265: checking whether to enable compiling for embedded devices
configure:5273: result: no
configure:5287: error: Cannot find HTS_engine.h

## ---------------- ##
## Cache variables. ##
## ---------------- ##

ac_cv_build=x86_64-apple-darwin16.7.0
ac_cv_c_bigendian=no
ac_cv_c_compiler_gnu=yes
ac_cv_c_const=yes
ac_cv_env_CC_set=
ac_cv_env_CC_value=
ac_cv_env_CFLAGS_set=
ac_cv_env_CFLAGS_value=
ac_cv_env_CPPFLAGS_set=
ac_cv_env_CPPFLAGS_value=
ac_cv_env_CPP_set=
ac_cv_env_CPP_value=
ac_cv_env_HTS_ENGINE_HEADER_DIR_set=
ac_cv_env_HTS_ENGINE_HEADER_DIR_value=
ac_cv_env_HTS_ENGINE_HEADER_set=
ac_cv_env_HTS_ENGINE_HEADER_value=
ac_cv_env_HTS_ENGINE_LIBRARY_DIR_set=
ac_cv_env_HTS_ENGINE_LIBRARY_DIR_value=
ac_cv_env_HTS_ENGINE_LIBRARY_set=
ac_cv_env_HTS_ENGINE_LIBRARY_value=
ac_cv_env_LDFLAGS_set=
ac_cv_env_LDFLAGS_value=
ac_cv_env_LIBS_set=
ac_cv_env_LIBS_value=
ac_cv_env_build_alias_set=
ac_cv_env_build_alias_value=
ac_cv_env_host_alias_set=
ac_cv_env_host_alias_value=
ac_cv_env_target_alias_set=
ac_cv_env_target_alias_value=
ac_cv_func__doprnt=no
ac_cv_func_sqrt=yes
ac_cv_func_strchr=yes
ac_cv_func_strrchr=yes
ac_cv_func_strstr=yes
ac_cv_func_vprintf=yes
ac_cv_header_inttypes_h=yes
ac_cv_header_memory_h=yes
ac_cv_header_stdc=yes
ac_cv_header_stdint_h=yes
ac_cv_header_stdlib_h=yes
ac_cv_header_string_h=yes
ac_cv_header_strings_h=yes
ac_cv_header_sys_stat_h=yes
ac_cv_header_sys_types_h=yes
ac_cv_header_unistd_h=yes
ac_cv_host=x86_64-apple-darwin16.7.0
ac_cv_lib_m_log=yes
ac_cv_objext=o
ac_cv_path_EGREP='/usr/bin/grep -E'
ac_cv_path_GREP=/usr/bin/grep
ac_cv_path_install='/usr/bin/install -c'
ac_cv_prog_AWK=awk
ac_cv_prog_CPP='gcc -E'
ac_cv_prog_ac_ct_AR=ar
ac_cv_prog_ac_ct_CC=gcc
ac_cv_prog_ac_ct_RANLIB=ranlib
ac_cv_prog_cc_c89=
ac_cv_prog_cc_g=yes
ac_cv_prog_make_make_set=yes
ac_cv_sizeof_void_p=8
ac_cv_type_size_t=yes
am_cv_CC_dependencies_compiler_type=gcc3
am_cv_make_support_nested_variables=yes
am_cv_prog_cc_c_o=yes

## ----------------- ##
## Output variables. ##
## ----------------- ##

ACLOCAL='${SHELL} /Users/frael/private/discord_yomiagekun/yomiagekun_Ver.alpaca/flite+hts_engine-1.07/config/missing aclocal-1.15'
AMDEPBACKSLASH='\'
AMDEP_FALSE='#'
AMDEP_TRUE=''
AMTAR='$${TAR-tar}'
AM_BACKSLASH='\'
AM_DEFAULT_V='$(AM_DEFAULT_VERBOSITY)'
AM_DEFAULT_VERBOSITY='1'
AM_V='$(V)'
AR='ar'
AUTOCONF='${SHELL} /Users/frael/private/discord_yomiagekun/yomiagekun_Ver.alpaca/flite+hts_engine-1.07/config/missing autoconf'
AUTOHEADER='${SHELL} /Users/frael/private/discord_yomiagekun/yomiagekun_Ver.alpaca/flite+hts_engine-1.07/config/missing autoheader'
AUTOMAKE='${SHELL} /Users/frael/private/discord_yomiagekun/yomiagekun_Ver.alpaca/flite+hts_engine-1.07/config/missing automake-1.15'
AWK='awk'
CC='gcc'
CCDEPMODE='depmode=gcc3'
CFLAGS='-g -O2'
CPP='gcc -E'
CPPFLAGS=''
CYGPATH_W='echo'
DEFS=''
DEPDIR='.deps'
ECHO_C='\c'
ECHO_N=''
ECHO_T=''
EGREP='/usr/bin/grep -E'
EXEEXT=''
GREP='/usr/bin/grep'
HTS_ENGINE_HEADER=''
HTS_ENGINE_HEADER_DIR=''
HTS_ENGINE_LIBRARY=''
HTS_ENGINE_LIBRARY_DIR=''
INSTALL_DATA='${INSTALL} -m 644'
INSTALL_PROGRAM='${INSTALL}'
INSTALL_SCRIPT='${INSTALL}'
INSTALL_STRIP_PROGRAM='$(install_sh) -c -s'
LDFLAGS=''
LIBOBJS=''
LIBS='-lm '
LTLIBOBJS=''
MAKEINFO='${SHELL} /Users/frael/private/discord_yomiagekun/yomiagekun_Ver.alpaca/flite+hts_engine-1.07/config/missing makeinfo'
MKDIR_P='config/install-sh -c -d'
OBJEXT='o'
PACKAGE='flite+hts_engine'
PACKAGE_BUGREPORT='hts-engine-users@lists.sourceforge.net'
PACKAGE_NAME='flite+hts_engine'
PACKAGE_STRING='flite+hts_engine 1.07'
PACKAGE_TARNAME='flite+hts_engine'
PACKAGE_URL=''
PACKAGE_VERSION='1.07'
PATH_SEPARATOR=':'
RANLIB='ranlib'
SET_MAKE=''
SHELL='/bin/sh'
STRIP=''
VERSION='1.07'
ac_ct_CC='gcc'
am__EXEEXT_FALSE=''
am__EXEEXT_TRUE=''
am__fastdepCC_FALSE='#'
am__fastdepCC_TRUE=''
am__include='include'
am__isrc=''
am__leading_dot='.'
am__nodep='_no'
am__quote=''
am__tar='$${TAR-tar} chof - "$$tardir"'
am__untar='$${TAR-tar} xf -'
bindir='${exec_prefix}/bin'
build='x86_64-apple-darwin16.7.0'
build_alias=''
build_cpu='x86_64'
build_os='darwin16.7.0'
build_vendor='apple'
datadir='${datarootdir}'
datarootdir='${prefix}/share'
docdir='${datarootdir}/doc/${PACKAGE_TARNAME}'
dvidir='${docdir}'
exec_prefix='NONE'
host='x86_64-apple-darwin16.7.0'
host_alias=''
host_cpu='x86_64'
host_os='darwin16.7.0'
host_vendor='apple'
htmldir='${docdir}'
includedir='${prefix}/include'
infodir='${datarootdir}/info'
install_sh='${SHELL} /Users/frael/private/discord_yomiagekun/yomiagekun_Ver.alpaca/flite+hts_engine-1.07/config/install-sh'
libdir='${exec_prefix}/lib'
libexecdir='${exec_prefix}/libexec'
localedir='${datarootdir}/locale'
localstatedir='${prefix}/var'
mandir='${datarootdir}/man'
mkdir_p='$(MKDIR_P)'
oldincludedir='/usr/include'
pdfdir='${docdir}'
prefix='NONE'
program_transform_name='s,x,x,'
psdir='${docdir}'
runstatedir='${localstatedir}/run'
sbindir='${exec_prefix}/sbin'
sharedstatedir='${prefix}/com'
sysconfdir='${prefix}/etc'
target_alias=''

## ----------- ##
## confdefs.h. ##
## ----------- ##

/* confdefs.h */
#define PACKAGE_NAME "flite+hts_engine"
#define PACKAGE_TARNAME "flite+hts_engine"
#define PACKAGE_VERSION "1.07"
#define PACKAGE_STRING "flite+hts_engine 1.07"
#define PACKAGE_BUGREPORT "hts-engine-users@lists.sourceforge.net"
#define PACKAGE_URL ""
#define PACKAGE "flite+hts_engine"
#define VERSION "1.07"
#define HAVE_LIBM 1
#define STDC_HEADERS 1
#define HAVE_SYS_TYPES_H 1
#define HAVE_SYS_STAT_H 1
#define HAVE_STDLIB_H 1
#define HAVE_STRING_H 1
#define HAVE_MEMORY_H 1
#define HAVE_STRINGS_H 1
#define HAVE_INTTYPES_H 1
#define HAVE_STDINT_H 1
#define HAVE_UNISTD_H 1
#define HAVE_STDLIB_H 1
#define HAVE_STRING_H 1
#define HAVE_VPRINTF 1
#define HAVE_SQRT 1
#define HAVE_STRCHR 1
#define HAVE_STRRCHR 1
#define HAVE_STRSTR 1
#define SIZEOF_VOID_P 8

configure: exit 1
